0 info it worked if it ends with ok
1 verbose cli [ '/usr/bin/node', '/usr/bin/npm', 'start' ]
2 info using npm@3.5.2
3 info using node@v8.10.0
4 verbose run-script [ 'prestart', 'start', 'poststart' ]
5 info lifecycle phaser-project-template@3.18.1~prestart: phaser-project-template@3.18.1
6 silly lifecycle phaser-project-template@3.18.1~prestart: no script for prestart, continuing
7 info lifecycle phaser-project-template@3.18.1~start: phaser-project-template@3.18.1
8 verbose lifecycle phaser-project-template@3.18.1~start: unsafe-perm in lifecycle true
9 verbose lifecycle phaser-project-template@3.18.1~start: PATH: /usr/share/npm/bin/node-gyp-bin:/home/elisabeth/phaser-project-template/node_modules/.bin:/home/elisabeth/.cargo/bin:/home/elisabeth/.local/share/umake/bin:/usr/local/sbin:/usr/local/bin:/usr/sbin:/usr/bin:/sbin:/bin:/usr/games:/usr/local/games:/snap/bin:/usr/lib/jvm/java-8-oracle/bin:/usr/lib/jvm/java-8-oracle/db/bin:/usr/lib/jvm/java-8-oracle/jre/bin
10 verbose lifecycle phaser-project-template@3.18.1~start: CWD: /home/elisabeth/phaser-project-template
11 silly lifecycle phaser-project-template@3.18.1~start: Args: [ '-c', 'webpack-dev-server --config webpack/webpack.dev.js' ]
12 info lifecycle phaser-project-template@3.18.1~start: Failed to exec start script
13 verbose stack Error: phaser-project-template@3.18.1 start: `webpack-dev-server --config webpack/webpack.dev.js`
13 verbose stack spawn ENOENT
13 verbose stack     at ChildProcess.<anonymous> (/usr/share/npm/lib/utils/spawn.js:17:16)
13 verbose stack     at emitTwo (events.js:126:13)
13 verbose stack     at ChildProcess.emit (events.js:214:7)
13 verbose stack     at maybeClose (internal/child_process.js:925:16)
13 verbose stack     at Process.ChildProcess._handle.onexit (internal/child_process.js:209:5)
14 verbose pkgid phaser-project-template@3.18.1
15 verbose cwd /home/elisabeth/phaser-project-template
16 error Linux 4.15.0-55-generic
17 error argv "/usr/bin/node" "/usr/bin/npm" "start"
18 error node v8.10.0
19 error npm  v3.5.2
20 error file sh
21 error code ELIFECYCLE
22 error errno ENOENT
23 error syscall spawn
24 error phaser-project-template@3.18.1 start: `webpack-dev-server --config webpack/webpack.dev.js`
24 error spawn ENOENT
25 error Failed at the phaser-project-template@3.18.1 start script 'webpack-dev-server --config webpack/webpack.dev.js'.
25 error Make sure you have the latest version of node.js and npm installed.
25 error If you do, this is most likely a problem with the phaser-project-template package,
25 error not with npm itself.
25 error Tell the author that this fails on your system:
25 error     webpack-dev-server --config webpack/webpack.dev.js
25 error You can get information on how to open an issue for this project with:
25 error     npm bugs phaser-project-template
25 error Or if that isn't available, you can get their info via:
25 error     npm owner ls phaser-project-template
25 error There is likely additional logging output above.
26 verbose exit [ 1, true ]
